<?xml version="1.0" encoding="UTF-8"?>
<testng-results ignored="0" total="1" passed="1" failed="0" skipped="0">
  <reporter-output>
  </reporter-output>
  <suite started-at="2024-03-19T15:52:56 IST" name="Default suite" finished-at="2024-03-19T15:53:53 IST" duration-ms="57285">
    <groups>
    </groups>
    <test started-at="2024-03-19T15:52:56 IST" name="Default test" finished-at="2024-03-19T15:53:53 IST" duration-ms="57285">
      <class name="ormworkshift.tests.DeleteWorkShiftTest">
        <test-method is-config="true" signature="setUp()[pri:0, instance:ormworkshift.tests.DeleteWorkShiftTest@1d8bd0de]" started-at="2024-03-19T15:52:56 IST" name="setUp" finished-at="2024-03-19T15:53:18 IST" duration-ms="22406" status="PASS">
          <reporter-output>
          </reporter-output>
        </test-method> <!-- setUp -->
        <test-method signature="testDeleteWorkShift()[pri:0, instance:ormworkshift.tests.DeleteWorkShiftTest@1d8bd0de]" started-at="2024-03-19T15:53:18 IST" name="testDeleteWorkShift" finished-at="2024-03-19T15:53:53 IST" duration-ms="34407" status="PASS">
          <reporter-output>
          </reporter-output>
        </test-method> <!-- testDeleteWorkShift -->
        <test-method is-config="true" signature="tearDown()[pri:0, instance:ormworkshift.tests.DeleteWorkShiftTest@1d8bd0de]" started-at="2024-03-19T15:53:53 IST" name="tearDown" finished-at="2024-03-19T15:53:53 IST" duration-ms="409" status="PASS">
          <reporter-output>
          </reporter-output>
        </test-method> <!-- tearDown -->
      </class> <!-- ormworkshift.tests.DeleteWorkShiftTest -->
    </test> <!-- Default test -->
  </suite> <!-- Default suite -->
</testng-results>
